<?xml version="1.0" encoding="UTF-8"?>
<coverage generated="1622418574302" clover="3.2.0">
  <project timestamp="1622418574302" name="All files">
    <metrics statements="14" coveredstatements="10" conditionals="0" coveredconditionals="0" methods="8" coveredmethods="4" elements="22" coveredelements="14" complexity="0" loc="14" ncloc="14" packages="1" files="2" classes="2"/>
    <file name="employee.js" path="/Users/fred/Desktop/Challenges/team-report-generator/lib/employee.js">
      <metrics statements="8" coveredstatements="4" conditionals="0" coveredconditionals="0" methods="5" coveredmethods="1"/>
      <line num="3" count="3" type="stmt"/>
      <line num="4" count="3" type="stmt"/>
      <line num="5" count="3" type="stmt"/>
      <line num="8" count="0" type="stmt"/>
      <line num="11" count="0" type="stmt"/>
      <line num="14" count="0" type="stmt"/>
      <line num="17" count="0" type="stmt"/>
      <line num="21" count="1" type="stmt"/>
    </file>
    <file name="engineer.js" path="/Users/fred/Desktop/Challenges/team-report-generator/lib/engineer.js">
      <metrics statements="6" coveredstatements="6" conditionals="0" coveredconditionals="0" methods="3" coveredmethods="3"/>
      <line num="1" count="1" type="stmt"/>
      <line num="5" count="3" type="stmt"/>
      <line num="6" count="3" type="stmt"/>
      <line num="9" count="1" type="stmt"/>
      <line num="12" count="1" type="stmt"/>
      <line num="16" count="1" type="stmt"/>
    </file>
  </project>
</coverage>
